<?xml version="1.0" encoding="UTF-8"?>
<!-- Generated by org.testng.reporters.JUnitReportReporter -->
<testsuite hostname="VN-MF10-NC100VB" failures="0" tests="2" name="com.jquery.datatable.Level_10_DataTable_DataGrid" time="1.549" errors="0" timestamp="01 Nov 2022 09:45:39 GMT" skipped="0">
  <testcase classname="com.jquery.datatable.Level_10_DataTable_DataGrid" name="Table_01_Paging" time="1.205"/>
  <testcase classname="com.jquery.datatable.Level_10_DataTable_DataGrid" name="Table_02_Enter_Header_Textbox" time="0.344"/>
</testsuite> <!-- com.jquery.datatable.Level_10_DataTable_DataGrid -->
