<?xml version="1.0" encoding="UTF-8"?>
<!-- Generated by org.testng.reporters.JUnitReportReporter -->
<testsuite hostname="DESKTOP-EN5F5JA" failures="0" tests="3" name="com.facebook.register.Level_13_Element_Undisplayed" time="6.899" errors="0" timestamp="14 Nov 2022 15:37:35 GMT" skipped="0">
  <testcase classname="com.facebook.register.Level_13_Element_Undisplayed" name="TC_01_Verify_Element_Displayed" time="0.632"/>
  <testcase classname="com.facebook.register.Level_13_Element_Undisplayed" name="TC_03_Verify_Element_Undisplayed_Not_In_DOM" time="0.000"/>
  <testcase classname="com.facebook.register.Level_13_Element_Undisplayed" name="TC_02_Verify_Element_Undisplayed_In_DOM" time="6.267"/>
</testsuite> <!-- com.facebook.register.Level_13_Element_Undisplayed -->
