<?xml version="1.0" encoding="UTF-8"?>
<!-- Generated by org.testng.reporters.JUnitReportReporter -->
<testsuite hostname="VN-MF10-NC100VB" failures="0" tests="1" name="com.jquery.datatable.Level_10_DataTable_DataGrid" time="1.201" errors="0" timestamp="03 Nov 2022 05:08:52 GMT" skipped="0">
  <testcase classname="com.jquery.datatable.Level_10_DataTable_DataGrid" name="Table_04_Action_At_Any_Row" time="1.201"/>
</testsuite> <!-- com.jquery.datatable.Level_10_DataTable_DataGrid -->
