<?xml version="1.0" encoding="UTF-8"?>
<!-- Generated by org.testng.reporters.JUnitReportReporter -->
<testsuite hostname="DESKTOP-EN5F5JA" failures="0" tests="2" name="com.jquery.datatable.Level_11_Upload_Files" time="27.363" errors="0" timestamp="07 Nov 2022 16:25:35 GMT" skipped="0">
  <testcase classname="com.jquery.datatable.Level_11_Upload_Files" name="Upload_02_Multi_Files_Per_Time" time="21.993"/>
  <testcase classname="com.jquery.datatable.Level_11_Upload_Files" name="Upload_01_One_File_Per_Time" time="5.370"/>
</testsuite> <!-- com.jquery.datatable.Level_11_Upload_Files -->
