<?xml version="1.0" encoding="UTF-8"?>
<!-- Generated by org.testng.reporters.JUnitReportReporter -->
<testsuite hostname="VN-MF10-NC100VB" failures="0" tests="2" name="com.jquery.datatable.Level_10_DataTable_DataGrid" time="1.498" errors="0" timestamp="01 Nov 2022 08:50:17 GMT" skipped="0">
  <testcase classname="com.jquery.datatable.Level_10_DataTable_DataGrid" name="Table_01_Paging" time="1.497"/>
  <testcase classname="com.jquery.datatable.Level_10_DataTable_DataGrid" name="Table_02" time="0.001"/>
</testsuite> <!-- com.jquery.datatable.Level_10_DataTable_DataGrid -->
