<?xml version="1.0" encoding="UTF-8"?>
<!-- Generated by org.testng.reporters.JUnitReportReporter -->
<testsuite hostname="DESKTOP-EN5F5JA" failures="0" tests="5" name="com.nopcommerce.user.Level_07_Switch_Page" time="7.193" errors="0" timestamp="11 Oct 2022 14:50:33 GMT" skipped="0">
  <testcase classname="com.nopcommerce.user.Level_07_Switch_Page" name="User_03_My_Account" time="0.509"/>
  <testcase classname="com.nopcommerce.user.Level_07_Switch_Page" name="User_04_Switch_Page" time="0.000"/>
  <testcase classname="com.nopcommerce.user.Level_07_Switch_Page" name="User_02_Login" time="2.763"/>
  <testcase classname="com.nopcommerce.user.Level_07_Switch_Page" name="User_05_Switch_Role" time="0.000"/>
  <testcase classname="com.nopcommerce.user.Level_07_Switch_Page" name="User_01_Register" time="3.921"/>
</testsuite> <!-- com.nopcommerce.user.Level_07_Switch_Page -->
