<?xml version="1.0" encoding="UTF-8"?>
<!-- Generated by org.testng.reporters.JUnitReportReporter -->
<testsuite hostname="VN-MF10-NC100VB" failures="0" tests="1" name="com.jquery.datatable.Level_10_DataTable_DataGrid" time="9.027" errors="0" timestamp="03 Nov 2022 02:31:55 GMT" skipped="0">
  <testcase classname="com.jquery.datatable.Level_10_DataTable_DataGrid" name="Table_03_Enter_Header_Textbox" time="9.027"/>
</testsuite> <!-- com.jquery.datatable.Level_10_DataTable_DataGrid -->
