<?xml version="1.0" encoding="UTF-8"?>
<!-- Generated by org.testng.reporters.JUnitReportReporter -->
<testsuite hostname="DESKTOP-EN5F5JA" failures="0" tests="3" name="javaBasic.Topic_07_Array" time="0.006" errors="0" timestamp="19 Sep 2022 15:59:14 GMT" skipped="0">
  <testcase classname="javaBasic.Topic_07_Array" name="TC_03_Tinh_Tong_Va_Trung_Binh_Cong" time="0.000"/>
  <testcase classname="javaBasic.Topic_07_Array" name="TC_02_Sum_First_Number_And_Last_Number" time="0.001"/>
  <testcase classname="javaBasic.Topic_07_Array" name="TC_01_Tim_So_Lon_Nhat_Trong_Mang" time="0.005"/>
</testsuite> <!-- javaBasic.Topic_07_Array -->
