<?xml version="1.0" encoding="UTF-8"?>
<!-- Generated by org.testng.reporters.JUnitReportReporter -->
<testsuite hostname="DESKTOP-EN5F5JA" failures="0" tests="5" name="com.wordpress.posts.Post_01_Create_Read_Update_Delete" time="24.453" errors="0" timestamp="01 Mar 2023 23:16:40 GMT" skipped="0">
  <testcase classname="com.wordpress.posts.Post_01_Create_Read_Update_Delete" name="Post_05_Delete_Post" time="0.002"/>
  <testcase classname="com.wordpress.posts.Post_01_Create_Read_Update_Delete" name="Post_01_Create_New_Post" time="22.356"/>
  <testcase classname="com.wordpress.posts.Post_01_Create_Read_Update_Delete" name="Post_04_Edit_Post" time="0.002"/>
  <testcase classname="com.wordpress.posts.Post_01_Create_Read_Update_Delete" name="Post_02_Search_Post" time="2.091"/>
  <testcase classname="com.wordpress.posts.Post_01_Create_Read_Update_Delete" name="Post_03_View_Post" time="0.002"/>
</testsuite> <!-- com.wordpress.posts.Post_01_Create_Read_Update_Delete -->
