<?xml version="1.0" encoding="UTF-8"?>
<!-- Generated by org.testng.reporters.JUnitReportReporter -->
<testsuite hostname="VN-MF10-NC100VB" failures="0" tests="2" name="com.jquery.datatable.Level_11_Upload_Files" time="0.005" errors="0" timestamp="04 Nov 2022 07:49:19 GMT" skipped="0">
  <testcase classname="com.jquery.datatable.Level_11_Upload_Files" name="Upload_01_One_File_Per_Time" time="0.004"/>
  <testcase classname="com.jquery.datatable.Level_11_Upload_Files" name="Upload_02_Multi_Files_Per_Time" time="0.001"/>
</testsuite> <!-- com.jquery.datatable.Level_11_Upload_Files -->
