<?xml version="1.0" encoding="UTF-8"?>
<!-- Generated by org.testng.reporters.JUnitReportReporter -->
<testsuite hostname="DESKTOP-EN5F5JA" failures="0" tests="2" name="com.nopcommerce.user.Level_08_Switch_Role" time="3.943" errors="0" timestamp="12 Oct 2022 17:18:41 GMT" skipped="0">
  <testcase classname="com.nopcommerce.user.Level_08_Switch_Role" name="Role_01_User" time="1.317"/>
  <testcase classname="com.nopcommerce.user.Level_08_Switch_Role" name="Role_02_Admin" time="2.626"/>
</testsuite> <!-- com.nopcommerce.user.Level_08_Switch_Role -->
