<?xml version="1.0" encoding="UTF-8"?>
<!-- Generated by org.testng.reporters.JUnitReportReporter -->
<testsuite hostname="VN-MF10-NC100VB" failures="0" tests="3" name="com.saucelab.sort.Level_22_Sort_Asc_Desc" time="2.256" errors="0" timestamp="23 Dec 2022 07:39:32 GMT" skipped="0">
  <testcase classname="com.saucelab.sort.Level_22_Sort_Asc_Desc" name="User_03_My_Account" time="0.006"/>
  <testcase classname="com.saucelab.sort.Level_22_Sort_Asc_Desc" name="Sort_02_Price" time="1.110"/>
  <testcase classname="com.saucelab.sort.Level_22_Sort_Asc_Desc" name="Sort_01_Name" time="1.140"/>
</testsuite> <!-- com.saucelab.sort.Level_22_Sort_Asc_Desc -->
