<?xml version="1.0" encoding="UTF-8"?>
<!-- Generated by org.testng.reporters.JUnitReportReporter -->
<testsuite hostname="VN-MF10-NC100VB" failures="0" tests="3" name="com.nopcommerce.user.Level_23_Fake_Data" time="7.844" errors="0" timestamp="28 Dec 2022 08:26:35 GMT" skipped="0">
  <testcase classname="com.nopcommerce.user.Level_23_Fake_Data" name="User_01_Register" time="3.889"/>
  <testcase classname="com.nopcommerce.user.Level_23_Fake_Data" name="User_02_Login" time="3.079"/>
  <testcase classname="com.nopcommerce.user.Level_23_Fake_Data" name="User_03_My_Account" time="0.876"/>
</testsuite> <!-- com.nopcommerce.user.Level_23_Fake_Data -->
