<?xml version="1.0" encoding="UTF-8"?>
<!-- Generated by org.testng.reporters.JUnitReportReporter -->
<testsuite hostname="DESKTOP-EN5F5JA" failures="0" tests="12" name="com.nopcommerce.user.Level_04_Multi_Browser" time="10.203" errors="0" timestamp="05 Oct 2022 14:20:08 GMT" skipped="0">
  <testcase classname="com.nopcommerce.user.Level_04_Multi_Browser" name="Login_04_Existing_Email_Empty_Password" time="0.834"/>
  <testcase classname="com.nopcommerce.user.Level_04_Multi_Browser" name="Login_04_Existing_Email_Empty_Password" time="0.895"/>
  <testcase classname="com.nopcommerce.user.Level_04_Multi_Browser" name="Login_05_Existing_Email_Wrong_Password" time="0.914"/>
  <testcase classname="com.nopcommerce.user.Level_04_Multi_Browser" name="Login_05_Existing_Email_Wrong_Password" time="0.811"/>
  <testcase classname="com.nopcommerce.user.Level_04_Multi_Browser" name="Login_03_Not_Found_Email" time="0.826"/>
  <testcase classname="com.nopcommerce.user.Level_04_Multi_Browser" name="Login_01_Empty_Data" time="0.860"/>
  <testcase classname="com.nopcommerce.user.Level_04_Multi_Browser" name="Login_03_Not_Found_Email" time="0.804"/>
  <testcase classname="com.nopcommerce.user.Level_04_Multi_Browser" name="Login_02_Invalid_Email" time="0.539"/>
  <testcase classname="com.nopcommerce.user.Level_04_Multi_Browser" name="Login_02_Invalid_Email" time="0.666"/>
  <testcase classname="com.nopcommerce.user.Level_04_Multi_Browser" name="Login_06_Valid_Email_Password" time="1.107"/>
  <testcase classname="com.nopcommerce.user.Level_04_Multi_Browser" name="Login_01_Empty_Data" time="0.719"/>
  <testcase classname="com.nopcommerce.user.Level_04_Multi_Browser" name="Login_06_Valid_Email_Password" time="1.228"/>
</testsuite> <!-- com.nopcommerce.user.Level_04_Multi_Browser -->
