<?xml version="1.0" encoding="UTF-8"?>
<!-- Generated by org.testng.reporters.JUnitReportReporter -->
<testsuite hostname="VN-MF10-NC100VB" failures="0" tests="6" name="com.nopcommerce.user.Level_19_Share_Data_C" time="0.148" errors="0" timestamp="01 Dec 2022 08:48:50 GMT" skipped="0">
  <testcase classname="com.nopcommerce.user.Level_19_Share_Data_C" name="Search_06_Corect_Manufactorer" time="0.002"/>
  <testcase classname="com.nopcommerce.user.Level_19_Share_Data_C" name="Search_05_Incorect_Manufactorer" time="0.005"/>
  <testcase classname="com.nopcommerce.user.Level_19_Share_Data_C" name="Search_01_Empty_Data" time="0.125"/>
  <testcase classname="com.nopcommerce.user.Level_19_Share_Data_C" name="Search_02_Relative_Product_Name" time="0.008"/>
  <testcase classname="com.nopcommerce.user.Level_19_Share_Data_C" name="Search_03_Absolute_Product_Name" time="0.005"/>
  <testcase classname="com.nopcommerce.user.Level_19_Share_Data_C" name="Search_04_Parent_Category" time="0.003"/>
</testsuite> <!-- com.nopcommerce.user.Level_19_Share_Data_C -->
