<?xml version="1.0" encoding="UTF-8"?>
<!-- Generated by org.testng.reporters.JUnitReportReporter -->
<testsuite hostname="VN-MF10-NC100VB" failures="0" tests="1" name="com.jquery.datatable.Level_10_DataTable_DataGrid" time="0.456" errors="0" timestamp="03 Nov 2022 04:23:52 GMT" skipped="0">
  <testcase classname="com.jquery.datatable.Level_10_DataTable_DataGrid" name="Table_04_Enter_To_Textbox_At_Any_Row" time="0.456"/>
</testsuite> <!-- com.jquery.datatable.Level_10_DataTable_DataGrid -->
