<?xml version="1.0" encoding="UTF-8"?>
<!-- Generated by org.testng.reporters.JUnitReportReporter -->
<testsuite hostname="DESKTOP-EN5F5JA" failures="0" tests="1" name="javaBasic.Topic_08_String" time="0.005" errors="0" timestamp="19 Sep 2022 17:17:09 GMT" skipped="0">
  <testcase classname="javaBasic.Topic_08_String" name="TC_01_Example" time="0.005"/>
</testsuite> <!-- javaBasic.Topic_08_String -->
