<?xml version="1.0" encoding="UTF-8"?>
<!-- Generated by org.testng.reporters.JUnitReportReporter -->
<testsuite hostname="DESKTOP-EN5F5JA" failures="0" tests="4" name="com.nopcommerce.user.Level_09_Dynamic_Locator" time="10.042" errors="0" timestamp="18 Oct 2022 17:30:37 GMT" skipped="0">
  <testcase classname="com.nopcommerce.user.Level_09_Dynamic_Locator" name="User_03_Dynamic_Page_01" time="1.052"/>
  <testcase classname="com.nopcommerce.user.Level_09_Dynamic_Locator" name="User_01_Register_Login" time="5.745"/>
  <testcase classname="com.nopcommerce.user.Level_09_Dynamic_Locator" name="User_04_Dynamic_Page_02" time="0.706"/>
  <testcase classname="com.nopcommerce.user.Level_09_Dynamic_Locator" name="User_02_Switch_Page" time="2.539"/>
</testsuite> <!-- com.nopcommerce.user.Level_09_Dynamic_Locator -->
