<?xml version="1.0" encoding="UTF-8"?>
<!-- Generated by org.testng.reporters.JUnitReportReporter -->
<testsuite hostname="DESKTOP-EN5F5JA" failures="0" tests="6" name="com.nopcommerce.user.User_01_Register_Login" time="6.276" errors="0" timestamp="22 Sep 2022 15:26:01 GMT" skipped="0">
  <testcase classname="com.nopcommerce.user.User_01_Register_Login" name="TC_06_Register_Invalid_Confirm_Password" time="1.171"/>
  <testcase classname="com.nopcommerce.user.User_01_Register_Login" name="TC_01_Register_Empty_Data" time="0.869"/>
  <testcase classname="com.nopcommerce.user.User_01_Register_Login" name="TC_03_Register_Success" time="1.883"/>
  <testcase classname="com.nopcommerce.user.User_01_Register_Login" name="TC_04_Register_Existing_Email" time="0.888"/>
  <testcase classname="com.nopcommerce.user.User_01_Register_Login" name="TC_02_Register_Invalid_Email" time="0.747"/>
  <testcase classname="com.nopcommerce.user.User_01_Register_Login" name="TC_05_Register_Password_Less_Than_6_Chars" time="0.718"/>
</testsuite> <!-- com.nopcommerce.user.User_01_Register_Login -->
