<?xml version="1.0" encoding="UTF-8"?>
<!-- Generated by org.testng.reporters.JUnitReportReporter -->
<testsuite hostname="DESKTOP-EN5F5JA" failures="0" tests="6" name="com.nopcommerce.user.Level_06_Page_Generetor_Manager" time="5.930" errors="0" timestamp="11 Oct 2022 14:48:09 GMT" skipped="0">
  <testcase classname="com.nopcommerce.user.Level_06_Page_Generetor_Manager" name="Login_06_Valid_Email_Password" time="1.972"/>
  <testcase classname="com.nopcommerce.user.Level_06_Page_Generetor_Manager" name="Login_04_Existing_Email_Empty_Password" time="0.814"/>
  <testcase classname="com.nopcommerce.user.Level_06_Page_Generetor_Manager" name="Login_03_Not_Found_Email" time="0.820"/>
  <testcase classname="com.nopcommerce.user.Level_06_Page_Generetor_Manager" name="Login_02_Invalid_Email" time="0.693"/>
  <testcase classname="com.nopcommerce.user.Level_06_Page_Generetor_Manager" name="Login_01_Empty_Data" time="0.760"/>
  <testcase classname="com.nopcommerce.user.Level_06_Page_Generetor_Manager" name="Login_05_Existing_Email_Wrong_Password" time="0.871"/>
</testsuite> <!-- com.nopcommerce.user.Level_06_Page_Generetor_Manager -->
