<?xml version="1.0" encoding="UTF-8"?>
<!-- Generated by org.testng.reporters.JUnitReportReporter -->
<testsuite hostname="DESKTOP-EN5F5JA" failures="0" tests="6" name="com.nopcommerce.user.User_01_Register_Login_Use_BaseTest3" time="7.191" errors="0" timestamp="26 Sep 2022 15:32:07 GMT" skipped="0">
  <testcase classname="com.nopcommerce.user.User_01_Register_Login_Use_BaseTest3" name="TC_06_Register_Invalid_Confirm_Password" time="1.218"/>
  <testcase classname="com.nopcommerce.user.User_01_Register_Login_Use_BaseTest3" name="TC_02_Register_Invalid_Email" time="0.785"/>
  <testcase classname="com.nopcommerce.user.User_01_Register_Login_Use_BaseTest3" name="TC_01_Register_Empty_Data" time="1.535"/>
  <testcase classname="com.nopcommerce.user.User_01_Register_Login_Use_BaseTest3" name="TC_04_Register_Existing_Email" time="0.884"/>
  <testcase classname="com.nopcommerce.user.User_01_Register_Login_Use_BaseTest3" name="TC_03_Register_Success" time="2.022"/>
  <testcase classname="com.nopcommerce.user.User_01_Register_Login_Use_BaseTest3" name="TC_05_Register_Password_Less_Than_6_Chars" time="0.747"/>
</testsuite> <!-- com.nopcommerce.user.User_01_Register_Login_Use_BaseTest3 -->
