<?xml version="1.0" encoding="UTF-8"?>
<!-- Generated by org.testng.reporters.JUnitReportReporter -->
<testsuite hostname="VN-MF10-NC100VB" failures="0" tests="18" name="com.nopcommerce.user.Level_06_Page_Generetor_Manager" time="26.235" errors="0" timestamp="11 Oct 2022 08:13:09 GMT" skipped="0">
  <testcase classname="com.nopcommerce.user.Level_06_Page_Generetor_Manager" name="Login_03_Not_Found_Email" time="1.095"/>
  <testcase classname="com.nopcommerce.user.Level_06_Page_Generetor_Manager" name="Login_06_Valid_Email_Password" time="1.507"/>
  <testcase classname="com.nopcommerce.user.Level_06_Page_Generetor_Manager" name="Login_06_Valid_Email_Password" time="3.280"/>
  <testcase classname="com.nopcommerce.user.Level_06_Page_Generetor_Manager" name="Login_04_Existing_Email_Empty_Password" time="1.426"/>
  <testcase classname="com.nopcommerce.user.Level_06_Page_Generetor_Manager" name="Login_01_Empty_Data" time="1.216"/>
  <testcase classname="com.nopcommerce.user.Level_06_Page_Generetor_Manager" name="Login_02_Invalid_Email" time="0.987"/>
  <testcase classname="com.nopcommerce.user.Level_06_Page_Generetor_Manager" name="Login_06_Valid_Email_Password" time="2.102"/>
  <testcase classname="com.nopcommerce.user.Level_06_Page_Generetor_Manager" name="Login_01_Empty_Data" time="1.068"/>
  <testcase classname="com.nopcommerce.user.Level_06_Page_Generetor_Manager" name="Login_04_Existing_Email_Empty_Password" time="1.667"/>
  <testcase classname="com.nopcommerce.user.Level_06_Page_Generetor_Manager" name="Login_05_Existing_Email_Wrong_Password" time="1.628"/>
  <testcase classname="com.nopcommerce.user.Level_06_Page_Generetor_Manager" name="Login_02_Invalid_Email" time="0.801"/>
  <testcase classname="com.nopcommerce.user.Level_06_Page_Generetor_Manager" name="Login_05_Existing_Email_Wrong_Password" time="1.384"/>
  <testcase classname="com.nopcommerce.user.Level_06_Page_Generetor_Manager" name="Login_03_Not_Found_Email" time="1.213"/>
  <testcase classname="com.nopcommerce.user.Level_06_Page_Generetor_Manager" name="Login_01_Empty_Data" time="1.014"/>
  <testcase classname="com.nopcommerce.user.Level_06_Page_Generetor_Manager" name="Login_03_Not_Found_Email" time="1.407"/>
  <testcase classname="com.nopcommerce.user.Level_06_Page_Generetor_Manager" name="Login_04_Existing_Email_Empty_Password" time="2.056"/>
  <testcase classname="com.nopcommerce.user.Level_06_Page_Generetor_Manager" name="Login_02_Invalid_Email" time="0.901"/>
  <testcase classname="com.nopcommerce.user.Level_06_Page_Generetor_Manager" name="Login_05_Existing_Email_Wrong_Password" time="1.483"/>
</testsuite> <!-- com.nopcommerce.user.Level_06_Page_Generetor_Manager -->
