<?xml version="1.0" encoding="UTF-8"?>
<!-- Generated by org.testng.reporters.JUnitReportReporter -->
<testsuite hostname="DESKTOP-EN5F5JA" failures="0" tests="4" name="com.nopcommerce.user.Level_07_Switch_Page" time="6.940" errors="0" timestamp="12 Oct 2022 14:36:25 GMT" skipped="0">
  <testcase classname="com.nopcommerce.user.Level_07_Switch_Page" name="User_01_Register" time="2.765"/>
  <testcase classname="com.nopcommerce.user.Level_07_Switch_Page" name="User_03_Customer_Infor" time="0.498"/>
  <testcase classname="com.nopcommerce.user.Level_07_Switch_Page" name="User_04_Switch_Page" time="2.398"/>
  <testcase classname="com.nopcommerce.user.Level_07_Switch_Page" name="User_02_Login" time="1.279"/>
</testsuite> <!-- com.nopcommerce.user.Level_07_Switch_Page -->
