<?xml version="1.0" encoding="UTF-8"?>
<!-- Generated by org.testng.reporters.JUnitReportReporter -->
<testsuite hostname="DESKTOP-EN5F5JA" failures="0" tests="6" name="com.nopcommerce.user.Level_03_User_02_Login_Use_Page_Obj" time="4.956" errors="0" timestamp="03 Oct 2022 15:26:10 GMT" skipped="0">
  <testcase classname="com.nopcommerce.user.Level_03_User_02_Login_Use_Page_Obj" name="Login_06_Valid_Email_Password" time="1.125"/>
  <testcase classname="com.nopcommerce.user.Level_03_User_02_Login_Use_Page_Obj" name="Login_01_Empty_Data" time="0.789"/>
  <testcase classname="com.nopcommerce.user.Level_03_User_02_Login_Use_Page_Obj" name="Login_03_Not_Found_Email" time="0.792"/>
  <testcase classname="com.nopcommerce.user.Level_03_User_02_Login_Use_Page_Obj" name="Login_05_Existing_Email_Wrong_Password" time="0.774"/>
  <testcase classname="com.nopcommerce.user.Level_03_User_02_Login_Use_Page_Obj" name="Login_02_Invalid_Email" time="0.663"/>
  <testcase classname="com.nopcommerce.user.Level_03_User_02_Login_Use_Page_Obj" name="Login_04_Existing_Email_Empty_Password" time="0.813"/>
</testsuite> <!-- com.nopcommerce.user.Level_03_User_02_Login_Use_Page_Obj -->
