<?xml version="1.0" encoding="UTF-8"?>
<!-- Generated by org.testng.reporters.JUnitReportReporter -->
<testsuite hostname="VN-MF10-NC100VB" failures="0" tests="3" name="com.nopcommerce.user.Level_21_Pattern_Object" time="13.987" errors="0" timestamp="08 Dec 2022 03:15:47 GMT" skipped="0">
  <testcase classname="com.nopcommerce.user.Level_21_Pattern_Object" name="User_03_My_Account" time="0.848"/>
  <testcase classname="com.nopcommerce.user.Level_21_Pattern_Object" name="User_02_Login" time="5.096"/>
  <testcase classname="com.nopcommerce.user.Level_21_Pattern_Object" name="User_01_Register" time="8.043"/>
</testsuite> <!-- com.nopcommerce.user.Level_21_Pattern_Object -->
