<?xml version="1.0" encoding="UTF-8"?>
<!-- Generated by org.testng.reporters.JUnitReportReporter -->
<testsuite hostname="DESKTOP-EN5F5JA" failures="0" tests="18" name="com.nopcommerce.user.Level_04_Multi_Browser" time="16.275" errors="0" timestamp="05 Oct 2022 16:23:44 GMT" skipped="0">
  <testcase classname="com.nopcommerce.user.Level_04_Multi_Browser" name="Login_02_Invalid_Email" time="0.720"/>
  <testcase classname="com.nopcommerce.user.Level_04_Multi_Browser" name="Login_01_Empty_Data" time="0.776"/>
  <testcase classname="com.nopcommerce.user.Level_04_Multi_Browser" name="Login_05_Existing_Email_Wrong_Password" time="0.961"/>
  <testcase classname="com.nopcommerce.user.Level_04_Multi_Browser" name="Login_03_Not_Found_Email" time="0.879"/>
  <testcase classname="com.nopcommerce.user.Level_04_Multi_Browser" name="Login_03_Not_Found_Email" time="0.863"/>
  <testcase classname="com.nopcommerce.user.Level_04_Multi_Browser" name="Login_02_Invalid_Email" time="0.558"/>
  <testcase classname="com.nopcommerce.user.Level_04_Multi_Browser" name="Login_03_Not_Found_Email" time="0.830"/>
  <testcase classname="com.nopcommerce.user.Level_04_Multi_Browser" name="Login_04_Existing_Email_Empty_Password" time="0.878"/>
  <testcase classname="com.nopcommerce.user.Level_04_Multi_Browser" name="Login_04_Existing_Email_Empty_Password" time="0.970"/>
  <testcase classname="com.nopcommerce.user.Level_04_Multi_Browser" name="Login_05_Existing_Email_Wrong_Password" time="1.065"/>
  <testcase classname="com.nopcommerce.user.Level_04_Multi_Browser" name="Login_01_Empty_Data" time="0.683"/>
  <testcase classname="com.nopcommerce.user.Level_04_Multi_Browser" name="Login_05_Existing_Email_Wrong_Password" time="0.867"/>
  <testcase classname="com.nopcommerce.user.Level_04_Multi_Browser" name="Login_06_Valid_Email_Password" time="1.141"/>
  <testcase classname="com.nopcommerce.user.Level_04_Multi_Browser" name="Login_02_Invalid_Email" time="0.532"/>
  <testcase classname="com.nopcommerce.user.Level_04_Multi_Browser" name="Login_01_Empty_Data" time="0.902"/>
  <testcase classname="com.nopcommerce.user.Level_04_Multi_Browser" name="Login_04_Existing_Email_Empty_Password" time="0.934"/>
  <testcase classname="com.nopcommerce.user.Level_04_Multi_Browser" name="Login_06_Valid_Email_Password" time="1.290"/>
  <testcase classname="com.nopcommerce.user.Level_04_Multi_Browser" name="Login_06_Valid_Email_Password" time="1.426"/>
</testsuite> <!-- com.nopcommerce.user.Level_04_Multi_Browser -->
