<?xml version="1.0" encoding="UTF-8"?>
<!-- Generated by org.testng.reporters.JUnitReportReporter -->
<testsuite hostname="DESKTOP-EN5F5JA" failures="0" tests="12" name="com.nopcommerce.user.Level_03_User_02_Login_Use_Page_Obj" time="11.980" errors="0" timestamp="05 Oct 2022 14:14:28 GMT" skipped="0">
  <testcase classname="com.nopcommerce.user.Level_03_User_02_Login_Use_Page_Obj" name="Login_03_Not_Found_Email" time="0.783"/>
  <testcase classname="com.nopcommerce.user.Level_03_User_02_Login_Use_Page_Obj" name="Login_04_Existing_Email_Empty_Password" time="1.091"/>
  <testcase classname="com.nopcommerce.user.Level_03_User_02_Login_Use_Page_Obj" name="Login_01_Empty_Data" time="0.864"/>
  <testcase classname="com.nopcommerce.user.Level_03_User_02_Login_Use_Page_Obj" name="Login_06_Valid_Email_Password" time="1.199"/>
  <testcase classname="com.nopcommerce.user.Level_03_User_02_Login_Use_Page_Obj" name="Login_05_Existing_Email_Wrong_Password" time="0.815"/>
  <testcase classname="com.nopcommerce.user.Level_03_User_02_Login_Use_Page_Obj" name="Login_06_Valid_Email_Password" time="1.192"/>
  <testcase classname="com.nopcommerce.user.Level_03_User_02_Login_Use_Page_Obj" name="Login_05_Existing_Email_Wrong_Password" time="1.072"/>
  <testcase classname="com.nopcommerce.user.Level_03_User_02_Login_Use_Page_Obj" name="Login_04_Existing_Email_Empty_Password" time="0.837"/>
  <testcase classname="com.nopcommerce.user.Level_03_User_02_Login_Use_Page_Obj" name="Login_01_Empty_Data" time="1.375"/>
  <testcase classname="com.nopcommerce.user.Level_03_User_02_Login_Use_Page_Obj" name="Login_02_Invalid_Email" time="1.193"/>
  <testcase classname="com.nopcommerce.user.Level_03_User_02_Login_Use_Page_Obj" name="Login_03_Not_Found_Email" time="0.840"/>
  <testcase classname="com.nopcommerce.user.Level_03_User_02_Login_Use_Page_Obj" name="Login_02_Invalid_Email" time="0.719"/>
</testsuite> <!-- com.nopcommerce.user.Level_03_User_02_Login_Use_Page_Obj -->
