<?xml version="1.0" encoding="UTF-8"?>
<!-- Generated by org.testng.reporters.JUnitReportReporter -->
<testsuite hostname="DESKTOP-EN5F5JA" failures="0" tests="18" name="com.nopcommerce.user.Level_05_Page_Factory" time="16.218" errors="0" timestamp="09 Oct 2022 15:31:30 GMT" skipped="0">
  <testcase classname="com.nopcommerce.user.Level_05_Page_Factory" name="Login_06_Valid_Email_Password" time="1.175"/>
  <testcase classname="com.nopcommerce.user.Level_05_Page_Factory" name="Login_05_Existing_Email_Wrong_Password" time="1.016"/>
  <testcase classname="com.nopcommerce.user.Level_05_Page_Factory" name="Login_03_Not_Found_Email" time="0.804"/>
  <testcase classname="com.nopcommerce.user.Level_05_Page_Factory" name="Login_04_Existing_Email_Empty_Password" time="0.993"/>
  <testcase classname="com.nopcommerce.user.Level_05_Page_Factory" name="Login_02_Invalid_Email" time="0.578"/>
  <testcase classname="com.nopcommerce.user.Level_05_Page_Factory" name="Login_03_Not_Found_Email" time="0.848"/>
  <testcase classname="com.nopcommerce.user.Level_05_Page_Factory" name="Login_01_Empty_Data" time="0.694"/>
  <testcase classname="com.nopcommerce.user.Level_05_Page_Factory" name="Login_04_Existing_Email_Empty_Password" time="1.009"/>
  <testcase classname="com.nopcommerce.user.Level_05_Page_Factory" name="Login_06_Valid_Email_Password" time="1.361"/>
  <testcase classname="com.nopcommerce.user.Level_05_Page_Factory" name="Login_02_Invalid_Email" time="0.585"/>
  <testcase classname="com.nopcommerce.user.Level_05_Page_Factory" name="Login_03_Not_Found_Email" time="0.893"/>
  <testcase classname="com.nopcommerce.user.Level_05_Page_Factory" name="Login_05_Existing_Email_Wrong_Password" time="0.828"/>
  <testcase classname="com.nopcommerce.user.Level_05_Page_Factory" name="Login_01_Empty_Data" time="0.745"/>
  <testcase classname="com.nopcommerce.user.Level_05_Page_Factory" name="Login_02_Invalid_Email" time="0.698"/>
  <testcase classname="com.nopcommerce.user.Level_05_Page_Factory" name="Login_06_Valid_Email_Password" time="1.350"/>
  <testcase classname="com.nopcommerce.user.Level_05_Page_Factory" name="Login_05_Existing_Email_Wrong_Password" time="0.971"/>
  <testcase classname="com.nopcommerce.user.Level_05_Page_Factory" name="Login_01_Empty_Data" time="0.837"/>
  <testcase classname="com.nopcommerce.user.Level_05_Page_Factory" name="Login_04_Existing_Email_Empty_Password" time="0.833"/>
</testsuite> <!-- com.nopcommerce.user.Level_05_Page_Factory -->
