<?xml version="1.0" encoding="UTF-8"?>
<!-- Generated by org.testng.reporters.JUnitReportReporter -->
<testsuite hostname="VN-MF10-NC100VB" failures="0" tests="2" name="com.nopcommerce.user.Level_18_Allure" time="6.535" errors="0" timestamp="30 Nov 2022 02:51:02 GMT" skipped="0">
  <testcase classname="com.nopcommerce.user.Level_18_Allure" name="User_01_Register" time="3.730"/>
  <testcase classname="com.nopcommerce.user.Level_18_Allure" name="User_02_Login" time="2.805"/>
</testsuite> <!-- com.nopcommerce.user.Level_18_Allure -->
