<?xml version="1.0" encoding="UTF-8"?>
<!-- Generated by org.testng.reporters.JUnitReportReporter -->
<testsuite hostname="VN-MF10-NC100VB" failures="0" tests="6" name="com.nopcommerce.user.Level_19_Share_Data" time="0.153" errors="0" timestamp="01 Dec 2022 07:46:38 GMT" skipped="0">
  <testcase classname="com.nopcommerce.user.Level_19_Share_Data" name="Search_05_Incorect_Manufactorer" time="0.006"/>
  <testcase classname="com.nopcommerce.user.Level_19_Share_Data" name="Search_06_Corect_Manufactorer" time="0.006"/>
  <testcase classname="com.nopcommerce.user.Level_19_Share_Data" name="Search_01_Empty_Data" time="0.126"/>
  <testcase classname="com.nopcommerce.user.Level_19_Share_Data" name="Search_02_Relative_Product_Name" time="0.005"/>
  <testcase classname="com.nopcommerce.user.Level_19_Share_Data" name="Search_03_Absolute_Product_Name" time="0.006"/>
  <testcase classname="com.nopcommerce.user.Level_19_Share_Data" name="Search_04_Parent_Category" time="0.004"/>
</testsuite> <!-- com.nopcommerce.user.Level_19_Share_Data -->
