<?xml version="1.0" encoding="UTF-8"?>
<!-- Generated by org.testng.reporters.JUnitReportReporter -->
<testsuite hostname="VN-MF10-NC100VB" failures="0" tests="2" name="com.nopcommerce.user.Level_14_Log_ReportNG" time="10.499" errors="0" timestamp="15 Nov 2022 10:24:08 GMT" skipped="0">
  <testcase classname="com.nopcommerce.user.Level_14_Log_ReportNG" name="User_02_Login" time="4.658"/>
  <testcase classname="com.nopcommerce.user.Level_14_Log_ReportNG" name="User_01_Register" time="5.841"/>
</testsuite> <!-- com.nopcommerce.user.Level_14_Log_ReportNG -->
