<?xml version="1.0" encoding="UTF-8"?>
<!-- Generated by org.testng.reporters.JUnitReportReporter -->
<testsuite hostname="DESKTOP-EN5F5JA" failures="0" tests="1" name="com.jquery.datatable.Level_10_DataTable_DataGrid" time="4.207" errors="0" timestamp="02 Nov 2022 15:45:33 GMT" skipped="0">
  <testcase classname="com.jquery.datatable.Level_10_DataTable_DataGrid" name="Table_03_Enter_Header_Textbox" time="4.207"/>
</testsuite> <!-- com.jquery.datatable.Level_10_DataTable_DataGrid -->
