<?xml version="1.0" encoding="UTF-8"?>
<!-- Generated by org.testng.reporters.JUnitReportReporter -->
<testsuite hostname="DESKTOP-EN5F5JA" failures="0" tests="2" name="com.wordpress.posts.Post_01_Create_Read_Update_Delete" time="14.513" errors="0" timestamp="05 Apr 2023 16:11:07 GMT" skipped="0">
  <testcase classname="com.wordpress.posts.Post_01_Create_Read_Update_Delete" name="Post_01_Create_New_Post" time="7.861"/>
  <testcase classname="com.wordpress.posts.Post_01_Create_Read_Update_Delete" name="Post_02_Search_And_View_Post" time="6.652"/>
</testsuite> <!-- com.wordpress.posts.Post_01_Create_Read_Update_Delete -->
