<?xml version="1.0" encoding="UTF-8"?>
<!-- Generated by org.testng.reporters.JUnitReportReporter -->
<testsuite hostname="DESKTOP-EN5F5JA" failures="0" tests="3" name="com.nopcommerce.user.Level_09_Dynamic_Locator" time="23.133" errors="0" timestamp="18 Oct 2022 16:43:37 GMT" skipped="0">
  <testcase classname="com.nopcommerce.user.Level_09_Dynamic_Locator" name="User_02_Switch_Page" time="16.752"/>
  <testcase classname="com.nopcommerce.user.Level_09_Dynamic_Locator" name="User_03_Dynamic_Page_01" time="1.039"/>
  <testcase classname="com.nopcommerce.user.Level_09_Dynamic_Locator" name="User_01_Register_Login" time="5.342"/>
</testsuite> <!-- com.nopcommerce.user.Level_09_Dynamic_Locator -->
