<?xml version="1.0" encoding="UTF-8"?>
<!-- Generated by org.testng.reporters.JUnitReportReporter -->
<testsuite hostname="DESKTOP-EN5F5JA" failures="0" tests="2" name="com.jquery.datatable.Level_10_DataTable_DataGrid" time="4.920" errors="0" timestamp="01 Nov 2022 16:22:04 GMT" skipped="0">
  <testcase classname="com.jquery.datatable.Level_10_DataTable_DataGrid" name="Table_01_Paging" time="0.527"/>
  <testcase classname="com.jquery.datatable.Level_10_DataTable_DataGrid" name="Table_02_Enter_Header_Textbox" time="4.393"/>
</testsuite> <!-- com.jquery.datatable.Level_10_DataTable_DataGrid -->
