<?xml version="1.0" encoding="UTF-8"?>
<!-- Generated by org.testng.reporters.JUnitReportReporter -->
<testsuite hostname="DESKTOP-EN5F5JA" failures="0" tests="3" name="com.facebook.register.Level_13_Element_Undisplayed" time="20.057" errors="0" timestamp="14 Nov 2022 17:29:13 GMT" skipped="0">
  <testcase classname="com.facebook.register.Level_13_Element_Undisplayed" name="TC_03_Verify_Element_Undisplayed_Not_In_DOM" time="13.134"/>
  <testcase classname="com.facebook.register.Level_13_Element_Undisplayed" name="TC_01_Verify_Element_Displayed" time="3.776"/>
  <testcase classname="com.facebook.register.Level_13_Element_Undisplayed" name="TC_02_Verify_Element_Undisplayed_In_DOM" time="3.147"/>
</testsuite> <!-- com.facebook.register.Level_13_Element_Undisplayed -->
