<?xml version="1.0" encoding="UTF-8"?>
<!-- Generated by org.testng.reporters.JUnitReportReporter -->
<testsuite hostname="VN-MF10-NC100VB" failures="0" tests="1" name="com.nopcommerce.user.Level_14_Log_ReportNG" time="3.903" errors="0" timestamp="15 Nov 2022 10:12:24 GMT" skipped="0">
  <testcase classname="com.nopcommerce.user.Level_14_Log_ReportNG" name="User_01_Register" time="3.903"/>
</testsuite> <!-- com.nopcommerce.user.Level_14_Log_ReportNG -->
